<?xml version="1.0" encoding="UTF-8"?>
<!-- Generated by org.testng.reporters.JUnitXMLReporter -->
<testsuite hostname="CHETAN-PC" name="Test" tests="3" failures="0" timestamp="28 Oct 2020 06:14:25 GMT" time="30.441" errors="0">
  <testcase name="ClosePopup" time="0.207" classname="com.practice.maven.Testing"/>
  <testcase name="getInputForms" time="0.079" classname="com.practice.maven.Testing"/>
  <testcase name="navigateToTestPage" time="7.275" classname="com.practice.maven.LandingPage"/>
</testsuite> <!-- Test -->
